[INFO] Scanning for projects...
[INFO] 
[INFO] ----------------------< com.landgo:user-service >-----------------------
[INFO] Building user-service 1.0.0
[INFO]   from pom.xml
[INFO] --------------------------------[ jar ]---------------------------------
[INFO] 
[INFO] >>> spring-boot:3.2.2:run (default-cli) > test-compile @ user-service >>>
[INFO] 
[INFO] --- resources:3.3.1:resources (default-resources) @ user-service ---
[INFO] Copying 3 resources from src/main/resources to target/classes
[INFO] Copying 3 resources from src/main/resources to target/classes
[INFO] 
[INFO] --- compiler:3.12.1:compile (default-compile) @ user-service ---
[INFO] Nothing to compile - all classes are up to date.
[INFO] 
[INFO] --- resources:3.3.1:testResources (default-testResources) @ user-service ---
[INFO] skip non existing resourceDirectory /Users/himanshuray/Desktop/LandGo/user-service/src/test/resources
[INFO] 
[INFO] --- compiler:3.12.1:testCompile (default-testCompile) @ user-service ---
[INFO] Nothing to compile - all classes are up to date.
[INFO] 
[INFO] <<< spring-boot:3.2.2:run (default-cli) < test-compile @ user-service <<<
[INFO] 
[INFO] 
[INFO] --- spring-boot:3.2.2:run (default-cli) @ user-service ---
[INFO] Attaching agents: []

  .   ____          _            __ _ _
 /\\ / ___'_ __ _ _(_)_ __  __ _ \ \ \ \
( ( )\___ | '_ | '_| | '_ \/ _` | \ \ \ \
 \\/  ___)| |_)| | | | | || (_| |  ) ) ) )
  '  |____| .__|_| |_|_| |_\__, | / / / /
 =========|_|==============|___/=/_/_/_/
[32m :: Spring Boot :: [39m              [2m (v3.2.2)[0;39m

[2m2026-05-09T00:19:35.120+05:30[0;39m [32m INFO[0;39m [35m79182[0;39m [2m---[0;39m [2m[user-service] [           main][0;39m [2m[0;39m[36mc.l.userservice.UserServiceApplication  [0;39m [2m:[0;39m Starting UserServiceApplication using Java 23.0.2 with PID 79182 (/Users/himanshuray/Desktop/LandGo/user-service/target/classes started by himanshuray in /Users/himanshuray/Desktop/LandGo/user-service)
[2m2026-05-09T00:19:35.121+05:30[0;39m [32m INFO[0;39m [35m79182[0;39m [2m---[0;39m [2m[user-service] [           main][0;39m [2m[0;39m[36mc.l.userservice.UserServiceApplication  [0;39m [2m:[0;39m No active profile set, falling back to 1 default profile: "default"
[2m2026-05-09T00:19:35.824+05:30[0;39m [32m INFO[0;39m [35m79182[0;39m [2m---[0;39m [2m[user-service] [           main][0;39m [2m[0;39m[36m.s.d.r.c.RepositoryConfigurationDelegate[0;39m [2m:[0;39m Bootstrapping Spring Data JPA repositories in DEFAULT mode.
[2m2026-05-09T00:19:35.867+05:30[0;39m [32m INFO[0;39m [35m79182[0;39m [2m---[0;39m [2m[user-service] [           main][0;39m [2m[0;39m[36m.s.d.r.c.RepositoryConfigurationDelegate[0;39m [2m:[0;39m Finished Spring Data repository scanning in 38 ms. Found 6 JPA repository interfaces.
[2m2026-05-09T00:19:36.414+05:30[0;39m [32m INFO[0;39m [35m79182[0;39m [2m---[0;39m [2m[user-service] [           main][0;39m [2m[0;39m[36mo.s.b.w.embedded.tomcat.TomcatWebServer [0;39m [2m:[0;39m Tomcat initialized with port 8081 (http)
[2m2026-05-09T00:19:36.422+05:30[0;39m [32m INFO[0;39m [35m79182[0;39m [2m---[0;39m [2m[user-service] [           main][0;39m [2m[0;39m[36mo.apache.catalina.core.StandardService  [0;39m [2m:[0;39m Starting service [Tomcat]
[2m2026-05-09T00:19:36.422+05:30[0;39m [32m INFO[0;39m [35m79182[0;39m [2m---[0;39m [2m[user-service] [           main][0;39m [2m[0;39m[36mo.apache.catalina.core.StandardEngine   [0;39m [2m:[0;39m Starting Servlet engine: [Apache Tomcat/10.1.18]
[2m2026-05-09T00:19:36.461+05:30[0;39m [32m INFO[0;39m [35m79182[0;39m [2m---[0;39m [2m[user-service] [           main][0;39m [2m[0;39m[36mo.a.c.c.C.[Tomcat].[localhost].[/]      [0;39m [2m:[0;39m Initializing Spring embedded WebApplicationContext
[2m2026-05-09T00:19:36.461+05:30[0;39m [32m INFO[0;39m [35m79182[0;39m [2m---[0;39m [2m[user-service] [           main][0;39m [2m[0;39m[36mw.s.c.ServletWebServerApplicationContext[0;39m [2m:[0;39m Root WebApplicationContext: initialization completed in 1292 ms
[2m2026-05-09T00:19:36.654+05:30[0;39m [32m INFO[0;39m [35m79182[0;39m [2m---[0;39m [2m[user-service] [           main][0;39m [2m[0;39m[36mcom.zaxxer.hikari.HikariDataSource      [0;39m [2m:[0;39m HikariPool-1 - Starting...
[2m2026-05-09T00:19:36.730+05:30[0;39m [32m INFO[0;39m [35m79182[0;39m [2m---[0;39m [2m[user-service] [           main][0;39m [2m[0;39m[36mcom.zaxxer.hikari.pool.HikariPool       [0;39m [2m:[0;39m HikariPool-1 - Added connection org.postgresql.jdbc.PgConnection@70d5d96b
[2m2026-05-09T00:19:36.731+05:30[0;39m [32m INFO[0;39m [35m79182[0;39m [2m---[0;39m [2m[user-service] [           main][0;39m [2m[0;39m[36mcom.zaxxer.hikari.HikariDataSource      [0;39m [2m:[0;39m HikariPool-1 - Start completed.
[2m2026-05-09T00:19:41.250+05:30[0;39m [32m INFO[0;39m [35m79182[0;39m [2m---[0;39m [2m[user-service] [           main][0;39m [2m[0;39m[36mliquibase.database                      [0;39m [2m:[0;39m Set default schema name to public
[2m2026-05-09T00:19:41.332+05:30[0;39m [32m INFO[0;39m [35m79182[0;39m [2m---[0;39m [2m[user-service] [           main][0;39m [2m[0;39m[36mliquibase.lockservice                   [0;39m [2m:[0;39m Successfully acquired change log lock
[2m2026-05-09T00:19:41.336+05:30[0;39m [32m INFO[0;39m [35m79182[0;39m [2m---[0;39m [2m[user-service] [           main][0;39m [2m[0;39m[36mliquibase.command                       [0;39m [2m:[0;39m Dropping Database Objects in schema: landgo.public
[2m2026-05-09T00:19:41.557+05:30[0;39m [32m INFO[0;39m [35m79182[0;39m [2m---[0;39m [2m[user-service] [           main][0;39m [2m[0;39m[36mliquibase.database                      [0;39m [2m:[0;39m Successfully deleted all supported object types in schema landgo.public.
[2m2026-05-09T00:19:41.563+05:30[0;39m [33m WARN[0;39m [35m79182[0;39m [2m---[0;39m [2m[user-service] [           main][0;39m [2m[0;39m[36mliquibase.lockservice                   [0;39m [2m:[0;39m Failed to release change log lock
All objects dropped from postgres@jdbc:postgresql://localhost:5432/landgo
[2m2026-05-09T00:19:41.565+05:30[0;39m [32m INFO[0;39m [35m79182[0;39m [2m---[0;39m [2m[user-service] [           main][0;39m [2m[0;39m[36mliquibase.command                       [0;39m [2m:[0;39m Command execution complete
[2m2026-05-09T00:19:41.771+05:30[0;39m [32m INFO[0;39m [35m79182[0;39m [2m---[0;39m [2m[user-service] [           main][0;39m [2m[0;39m[36mliquibase.changelog                     [0;39m [2m:[0;39m Creating database history table with name: public.databasechangelog
[2m2026-05-09T00:19:41.787+05:30[0;39m [32m INFO[0;39m [35m79182[0;39m [2m---[0;39m [2m[user-service] [           main][0;39m [2m[0;39m[36mliquibase.changelog                     [0;39m [2m:[0;39m Reading from public.databasechangelog
[2m2026-05-09T00:19:41.814+05:30[0;39m [32m INFO[0;39m [35m79182[0;39m [2m---[0;39m [2m[user-service] [           main][0;39m [2m[0;39m[36mliquibase.lockservice                   [0;39m [2m:[0;39m Successfully acquired change log lock
[2m2026-05-09T00:19:41.814+05:30[0;39m [32m INFO[0;39m [35m79182[0;39m [2m---[0;39m [2m[user-service] [           main][0;39m [2m[0;39m[36mliquibase.command                       [0;39m [2m:[0;39m Using deploymentId: 8266181814
[2m2026-05-09T00:19:41.815+05:30[0;39m [32m INFO[0;39m [35m79182[0;39m [2m---[0;39m [2m[user-service] [           main][0;39m [2m[0;39m[36mliquibase.changelog                     [0;39m [2m:[0;39m Reading from public.databasechangelog
Running Changeset: db/changelog/db.changelog-master.json::0-create-schema::landgo
[2m2026-05-09T00:19:41.832+05:30[0;39m [33m WARN[0;39m [35m79182[0;39m [2m---[0;39m [2m[user-service] [           main][0;39m [2m[0;39m[36mliquibase.executor                      [0;39m [2m:[0;39m schema "users" already exists, skipping
[2m2026-05-09T00:19:41.832+05:30[0;39m [32m INFO[0;39m [35m79182[0;39m [2m---[0;39m [2m[user-service] [           main][0;39m [2m[0;39m[36mliquibase.changelog                     [0;39m [2m:[0;39m Custom SQL executed
[2m2026-05-09T00:19:41.832+05:30[0;39m [32m INFO[0;39m [35m79182[0;39m [2m---[0;39m [2m[user-service] [           main][0;39m [2m[0;39m[36mliquibase.changelog                     [0;39m [2m:[0;39m ChangeSet db/changelog/db.changelog-master.json::0-create-schema::landgo ran successfully in 7ms
Running Changeset: db/changelog/db.changelog-master.json::1-user-service-schema::landgo
[2m2026-05-09T00:19:41.844+05:30[0;39m [33m WARN[0;39m [35m79182[0;39m [2m---[0;39m [2m[user-service] [           main][0;39m [2m[0;39m[36mliquibase.executor                      [0;39m [2m:[0;39m relation "users" already exists, skipping
[2m2026-05-09T00:19:41.845+05:30[0;39m [33m WARN[0;39m [35m79182[0;39m [2m---[0;39m [2m[user-service] [           main][0;39m [2m[0;39m[36mliquibase.executor                      [0;39m [2m:[0;39m relation "idx_users_email" already exists, skipping
[2m2026-05-09T00:19:41.846+05:30[0;39m [33m WARN[0;39m [35m79182[0;39m [2m---[0;39m [2m[user-service] [           main][0;39m [2m[0;39m[36mliquibase.executor                      [0;39m [2m:[0;39m relation "idx_users_provider" already exists, skipping
[2m2026-05-09T00:19:41.846+05:30[0;39m [33m WARN[0;39m [35m79182[0;39m [2m---[0;39m [2m[user-service] [           main][0;39m [2m[0;39m[36mliquibase.executor                      [0;39m [2m:[0;39m relation "idx_users_role" already exists, skipping
[2m2026-05-09T00:19:41.846+05:30[0;39m [32m INFO[0;39m [35m79182[0;39m [2m---[0;39m [2m[user-service] [           main][0;39m [2m[0;39m[36mliquibase.changelog                     [0;39m [2m:[0;39m Custom SQL executed
[2m2026-05-09T00:19:41.849+05:30[0;39m [33m WARN[0;39m [35m79182[0;39m [2m---[0;39m [2m[user-service] [           main][0;39m [2m[0;39m[36mliquibase.executor                      [0;39m [2m:[0;39m relation "email_verification_tokens" already exists, skipping
[2m2026-05-09T00:19:41.849+05:30[0;39m [33m WARN[0;39m [35m79182[0;39m [2m---[0;39m [2m[user-service] [           main][0;39m [2m[0;39m[36mliquibase.executor                      [0;39m [2m:[0;39m relation "idx_email_token_user" already exists, skipping
[2m2026-05-09T00:19:41.849+05:30[0;39m [32m INFO[0;39m [35m79182[0;39m [2m---[0;39m [2m[user-service] [           main][0;39m [2m[0;39m[36mliquibase.changelog                     [0;39m [2m:[0;39m Custom SQL executed
[2m2026-05-09T00:19:41.852+05:30[0;39m [33m WARN[0;39m [35m79182[0;39m [2m---[0;39m [2m[user-service] [           main][0;39m [2m[0;39m[36mliquibase.executor                      [0;39m [2m:[0;39m relation "password_reset_tokens" already exists, skipping
[2m2026-05-09T00:19:41.852+05:30[0;39m [33m WARN[0;39m [35m79182[0;39m [2m---[0;39m [2m[user-service] [           main][0;39m [2m[0;39m[36mliquibase.executor                      [0;39m [2m:[0;39m relation "idx_password_token" already exists, skipping
[2m2026-05-09T00:19:41.853+05:30[0;39m [33m WARN[0;39m [35m79182[0;39m [2m---[0;39m [2m[user-service] [           main][0;39m [2m[0;39m[36mliquibase.executor                      [0;39m [2m:[0;39m relation "idx_password_token_user" already exists, skipping
[2m2026-05-09T00:19:41.853+05:30[0;39m [32m INFO[0;39m [35m79182[0;39m [2m---[0;39m [2m[user-service] [           main][0;39m [2m[0;39m[36mliquibase.changelog                     [0;39m [2m:[0;39m Custom SQL executed
[2m2026-05-09T00:19:41.855+05:30[0;39m [33m WARN[0;39m [35m79182[0;39m [2m---[0;39m [2m[user-service] [           main][0;39m [2m[0;39m[36mliquibase.executor                      [0;39m [2m:[0;39m relation "notification_preferences" already exists, skipping
[2m2026-05-09T00:19:41.855+05:30[0;39m [33m WARN[0;39m [35m79182[0;39m [2m---[0;39m [2m[user-service] [           main][0;39m [2m[0;39m[36mliquibase.executor                      [0;39m [2m:[0;39m relation "idx_notif_pref_user" already exists, skipping
[2m2026-05-09T00:19:41.855+05:30[0;39m [32m INFO[0;39m [35m79182[0;39m [2m---[0;39m [2m[user-service] [           main][0;39m [2m[0;39m[36mliquibase.changelog                     [0;39m [2m:[0;39m Custom SQL executed
[2m2026-05-09T00:19:41.857+05:30[0;39m [33m WARN[0;39m [35m79182[0;39m [2m---[0;39m [2m[user-service] [           main][0;39m [2m[0;39m[36mliquibase.executor                      [0;39m [2m:[0;39m relation "vendor_profiles" already exists, skipping
[2m2026-05-09T00:19:41.857+05:30[0;39m [33m WARN[0;39m [35m79182[0;39m [2m---[0;39m [2m[user-service] [           main][0;39m [2m[0;39m[36mliquibase.executor                      [0;39m [2m:[0;39m relation "idx_vendor_user" already exists, skipping
[2m2026-05-09T00:19:41.858+05:30[0;39m [32m INFO[0;39m [35m79182[0;39m [2m---[0;39m [2m[user-service] [           main][0;39m [2m[0;39m[36mliquibase.changelog                     [0;39m [2m:[0;39m Custom SQL executed
[2m2026-05-09T00:19:41.858+05:30[0;39m [32m INFO[0;39m [35m79182[0;39m [2m---[0;39m [2m[user-service] [           main][0;39m [2m[0;39m[36mliquibase.changelog                     [0;39m [2m:[0;39m ChangeSet db/changelog/db.changelog-master.json::1-user-service-schema::landgo ran successfully in 21ms
Running Changeset: db/changelog/db.changelog-master.json::2-add-mfa-columns::landgo
[2m2026-05-09T00:19:41.863+05:30[0;39m [33m WARN[0;39m [35m79182[0;39m [2m---[0;39m [2m[user-service] [           main][0;39m [2m[0;39m[36mliquibase.executor                      [0;39m [2m:[0;39m column "mfa_enabled" of relation "users" already exists, skipping
[2m2026-05-09T00:19:41.864+05:30[0;39m [33m WARN[0;39m [35m79182[0;39m [2m---[0;39m [2m[user-service] [           main][0;39m [2m[0;39m[36mliquibase.executor                      [0;39m [2m:[0;39m column "mfa_verified" of relation "users" already exists, skipping
[2m2026-05-09T00:19:41.864+05:30[0;39m [32m INFO[0;39m [35m79182[0;39m [2m---[0;39m [2m[user-service] [           main][0;39m [2m[0;39m[36mliquibase.changelog                     [0;39m [2m:[0;39m Custom SQL executed
[2m2026-05-09T00:19:41.864+05:30[0;39m [32m INFO[0;39m [35m79182[0;39m [2m---[0;39m [2m[user-service] [           main][0;39m [2m[0;39m[36mliquibase.changelog                     [0;39m [2m:[0;39m ChangeSet db/changelog/db.changelog-master.json::2-add-mfa-columns::landgo ran successfully in 4ms
Running Changeset: db/changelog/db.changelog-master.json::3-add-last-login-at::landgo
[2m2026-05-09T00:19:41.867+05:30[0;39m [33m WARN[0;39m [35m79182[0;39m [2m---[0;39m [2m[user-service] [           main][0;39m [2m[0;39m[36mliquibase.executor                      [0;39m [2m:[0;39m column "last_login_at" of relation "users" already exists, skipping
[2m2026-05-09T00:19:41.867+05:30[0;39m [32m INFO[0;39m [35m79182[0;39m [2m---[0;39m [2m[user-service] [           main][0;39m [2m[0;39m[36mliquibase.changelog                     [0;39m [2m:[0;39m Custom SQL executed
[2m2026-05-09T00:19:41.867+05:30[0;39m [32m INFO[0;39m [35m79182[0;39m [2m---[0;39m [2m[user-service] [           main][0;39m [2m[0;39m[36mliquibase.changelog                     [0;39m [2m:[0;39m ChangeSet db/changelog/db.changelog-master.json::3-add-last-login-at::landgo ran successfully in 2ms
Running Changeset: db/changelog/db.changelog-master.json::4-add-email-verified-at-and-timezone::landgo
[2m2026-05-09T00:19:41.870+05:30[0;39m [33m WARN[0;39m [35m79182[0;39m [2m---[0;39m [2m[user-service] [           main][0;39m [2m[0;39m[36mliquibase.executor                      [0;39m [2m:[0;39m column "email_verified_at" of relation "users" already exists, skipping
[2m2026-05-09T00:19:41.870+05:30[0;39m [33m WARN[0;39m [35m79182[0;39m [2m---[0;39m [2m[user-service] [           main][0;39m [2m[0;39m[36mliquibase.executor                      [0;39m [2m:[0;39m column "timezone" of relation "users" already exists, skipping
[2m2026-05-09T00:19:41.870+05:30[0;39m [32m INFO[0;39m [35m79182[0;39m [2m---[0;39m [2m[user-service] [           main][0;39m [2m[0;39m[36mliquibase.changelog                     [0;39m [2m:[0;39m Custom SQL executed
[2m2026-05-09T00:19:41.871+05:30[0;39m [32m INFO[0;39m [35m79182[0;39m [2m---[0;39m [2m[user-service] [           main][0;39m [2m[0;39m[36mliquibase.changelog                     [0;39m [2m:[0;39m ChangeSet db/changelog/db.changelog-master.json::4-add-email-verified-at-and-timezone::landgo ran successfully in 2ms
Running Changeset: db/changelog/db.changelog-master.json::5-create-notifications-table::landgo
[2m2026-05-09T00:19:41.874+05:30[0;39m [33m WARN[0;39m [35m79182[0;39m [2m---[0;39m [2m[user-service] [           main][0;39m [2m[0;39m[36mliquibase.executor                      [0;39m [2m:[0;39m relation "notifications" already exists, skipping
[2m2026-05-09T00:19:41.874+05:30[0;39m [32m INFO[0;39m [35m79182[0;39m [2m---[0;39m [2m[user-service] [           main][0;39m [2m[0;39m[36mliquibase.changelog                     [0;39m [2m:[0;39m Custom SQL executed
[2m2026-05-09T00:19:41.874+05:30[0;39m [32m INFO[0;39m [35m79182[0;39m [2m---[0;39m [2m[user-service] [           main][0;39m [2m[0;39m[36mliquibase.changelog                     [0;39m [2m:[0;39m ChangeSet db/changelog/db.changelog-master.json::5-create-notifications-table::landgo ran successfully in 2ms
Running Changeset: db/changelog/db.changelog-master.json::6-align-notifications-with-base-entity::landgo
[2m2026-05-09T00:19:41.877+05:30[0;39m [33m WARN[0;39m [35m79182[0;39m [2m---[0;39m [2m[user-service] [           main][0;39m [2m[0;39m[36mliquibase.executor                      [0;39m [2m:[0;39m column "deleted" of relation "notifications" already exists, skipping
[2m2026-05-09T00:19:41.877+05:30[0;39m [32m INFO[0;39m [35m79182[0;39m [2m---[0;39m [2m[user-service] [           main][0;39m [2m[0;39m[36mliquibase.changelog                     [0;39m [2m:[0;39m Custom SQL executed
[2m2026-05-09T00:19:41.877+05:30[0;39m [32m INFO[0;39m [35m79182[0;39m [2m---[0;39m [2m[user-service] [           main][0;39m [2m[0;39m[36mliquibase.changelog                     [0;39m [2m:[0;39m ChangeSet db/changelog/db.changelog-master.json::6-align-notifications-with-base-entity::landgo ran successfully in 2ms
[2m2026-05-09T00:19:41.881+05:30[0;39m [32m INFO[0;39m [35m79182[0;39m [2m---[0;39m [2m[user-service] [           main][0;39m [2m[0;39m[36mliquibase.util                          [0;39m [2m:[0;39m UPDATE SUMMARY
[2m2026-05-09T00:19:41.881+05:30[0;39m [32m INFO[0;39m [35m79182[0;39m [2m---[0;39m [2m[user-service] [           main][0;39m [2m[0;39m[36mliquibase.util                          [0;39m [2m:[0;39m Run:                          7
[2m2026-05-09T00:19:41.881+05:30[0;39m [32m INFO[0;39m [35m79182[0;39m [2m---[0;39m [2m[user-service] [           main][0;39m [2m[0;39m[36mliquibase.util                          [0;39m [2m:[0;39m Previously run:               0
[2m2026-05-09T00:19:41.881+05:30[0;39m [32m INFO[0;39m [35m79182[0;39m [2m---[0;39m [2m[user-service] [           main][0;39m [2m[0;39m[36mliquibase.util                          [0;39m [2m:[0;39m Filtered out:                 0
[2m2026-05-09T00:19:41.881+05:30[0;39m [32m INFO[0;39m [35m79182[0;39m [2m---[0;39m [2m[user-service] [           main][0;39m [2m[0;39m[36mliquibase.util                          [0;39m [2m:[0;39m -------------------------------
[2m2026-05-09T00:19:41.881+05:30[0;39m [32m INFO[0;39m [35m79182[0;39m [2m---[0;39m [2m[user-service] [           main][0;39m [2m[0;39m[36mliquibase.util                          [0;39m [2m:[0;39m Total change sets:            7
[2m2026-05-09T00:19:41.881+05:30[0;39m [32m INFO[0;39m [35m79182[0;39m [2m---[0;39m [2m[user-service] [           main][0;39m [2m[0;39m[36mliquibase.util                          [0;39m [2m:[0;39m Update summary generated
[2m2026-05-09T00:19:41.882+05:30[0;39m [32m INFO[0;39m [35m79182[0;39m [2m---[0;39m [2m[user-service] [           main][0;39m [2m[0;39m[36mliquibase.command                       [0;39m [2m:[0;39m Update command completed successfully.
Liquibase: Update has been successful. Rows affected: 7
[2m2026-05-09T00:19:41.884+05:30[0;39m [32m INFO[0;39m [35m79182[0;39m [2m---[0;39m [2m[user-service] [           main][0;39m [2m[0;39m[36mliquibase.lockservice                   [0;39m [2m:[0;39m Successfully released change log lock
[2m2026-05-09T00:19:41.884+05:30[0;39m [32m INFO[0;39m [35m79182[0;39m [2m---[0;39m [2m[user-service] [           main][0;39m [2m[0;39m[36mliquibase.command                       [0;39m [2m:[0;39m Command execution complete
[2m2026-05-09T00:19:41.991+05:30[0;39m [32m INFO[0;39m [35m79182[0;39m [2m---[0;39m [2m[user-service] [           main][0;39m [2m[0;39m[36mo.hibernate.jpa.internal.util.LogHelper [0;39m [2m:[0;39m HHH000204: Processing PersistenceUnitInfo [name: default]
[2m2026-05-09T00:19:42.038+05:30[0;39m [32m INFO[0;39m [35m79182[0;39m [2m---[0;39m [2m[user-service] [           main][0;39m [2m[0;39m[36morg.hibernate.Version                   [0;39m [2m:[0;39m HHH000412: Hibernate ORM core version 6.4.1.Final
[2m2026-05-09T00:19:42.059+05:30[0;39m [32m INFO[0;39m [35m79182[0;39m [2m---[0;39m [2m[user-service] [           main][0;39m [2m[0;39m[36mo.h.c.internal.RegionFactoryInitiator   [0;39m [2m:[0;39m HHH000026: Second-level cache disabled
[2m2026-05-09T00:19:42.217+05:30[0;39m [32m INFO[0;39m [35m79182[0;39m [2m---[0;39m [2m[user-service] [           main][0;39m [2m[0;39m[36mo.s.o.j.p.SpringPersistenceUnitInfo     [0;39m [2m:[0;39m No LoadTimeWeaver setup: ignoring JPA class transformer
[2m2026-05-09T00:19:42.246+05:30[0;39m [33m WARN[0;39m [35m79182[0;39m [2m---[0;39m [2m[user-service] [           main][0;39m [2m[0;39m[36morg.hibernate.orm.deprecation           [0;39m [2m:[0;39m HHH90000025: PostgreSQLDialect does not need to be specified explicitly using 'hibernate.dialect' (remove the property setting and it will be selected by default)
[2m2026-05-09T00:19:42.976+05:30[0;39m [32m INFO[0;39m [35m79182[0;39m [2m---[0;39m [2m[user-service] [           main][0;39m [2m[0;39m[36mo.h.e.t.j.p.i.JtaPlatformInitiator      [0;39m [2m:[0;39m HHH000489: No JTA platform available (set 'hibernate.transaction.jta.platform' to enable JTA platform integration)
[2m2026-05-09T00:19:43.002+05:30[0;39m [32m INFO[0;39m [35m79182[0;39m [2m---[0;39m [2m[user-service] [           main][0;39m [2m[0;39m[36mj.LocalContainerEntityManagerFactoryBean[0;39m [2m:[0;39m Initialized JPA EntityManagerFactory for persistence unit 'default'
[2m2026-05-09T00:19:43.277+05:30[0;39m [32m INFO[0;39m [35m79182[0;39m [2m---[0;39m [2m[user-service] [           main][0;39m [2m[0;39m[36mo.s.d.j.r.query.QueryEnhancerFactory    [0;39m [2m:[0;39m Hibernate is in classpath; If applicable, HQL parser will be used.
[2m2026-05-09T00:19:44.006+05:30[0;39m [32m INFO[0;39m [35m79182[0;39m [2m---[0;39m [2m[user-service] [           main][0;39m [2m[0;39m[36mc.l.userservice.service.TwilioService   [0;39m [2m:[0;39m Twilio initialized with Account SID: ${TWILIO_ACCOUNT_SID}
[2m2026-05-09T00:19:44.628+05:30[0;39m [32m INFO[0;39m [35m79182[0;39m [2m---[0;39m [2m[user-service] [           main][0;39m [2m[0;39m[36mo.s.b.a.e.web.EndpointLinksResolver     [0;39m [2m:[0;39m Exposing 2 endpoint(s) beneath base path '/actuator'
[2m2026-05-09T00:19:44.728+05:30[0;39m [32m INFO[0;39m [35m79182[0;39m [2m---[0;39m [2m[user-service] [           main][0;39m [2m[0;39m[36mo.s.s.web.DefaultSecurityFilterChain    [0;39m [2m:[0;39m Will secure any request with [org.springframework.security.web.session.DisableEncodeUrlFilter@30d016c9, org.springframework.security.web.context.request.async.WebAsyncManagerIntegrationFilter@43aae476, org.springframework.security.web.context.SecurityContextHolderFilter@682a00f8, org.springframework.security.web.header.HeaderWriterFilter@310d05c5, org.springframework.web.filter.CorsFilter@5e535e23, org.springframework.security.web.authentication.logout.LogoutFilter@213031ce, com.landgo.userservice.security.JwtAuthenticationFilter@2ff84e42, org.springframework.security.web.savedrequest.RequestCacheAwareFilter@79401d4f, org.springframework.security.web.servletapi.SecurityContextHolderAwareRequestFilter@10e85525, org.springframework.security.web.authentication.AnonymousAuthenticationFilter@6f2f9ba4, org.springframework.security.web.session.SessionManagementFilter@145f22cf, org.springframework.security.web.access.ExceptionTranslationFilter@21e827c8, org.springframework.security.web.access.intercept.AuthorizationFilter@11757914]
[2m2026-05-09T00:19:45.177+05:30[0;39m [32m INFO[0;39m [35m79182[0;39m [2m---[0;39m [2m[user-service] [           main][0;39m [2m[0;39m[36mo.s.b.w.embedded.tomcat.TomcatWebServer [0;39m [2m:[0;39m Tomcat started on port 8081 (http) with context path ''
[2m2026-05-09T00:19:45.191+05:30[0;39m [32m INFO[0;39m [35m79182[0;39m [2m---[0;39m [2m[user-service] [           main][0;39m [2m[0;39m[36mc.l.userservice.UserServiceApplication  [0;39m [2m:[0;39m Started UserServiceApplication in 10.349 seconds (process running for 10.595)
[2m2026-05-09T00:20:10.091+05:30[0;39m [32m INFO[0;39m [35m79182[0;39m [2m---[0;39m [2m[user-service] [nio-8081-exec-1][0;39m [2m[0;39m[36mo.a.c.c.C.[Tomcat].[localhost].[/]      [0;39m [2m:[0;39m Initializing Spring DispatcherServlet 'dispatcherServlet'
[2m2026-05-09T00:20:10.091+05:30[0;39m [32m INFO[0;39m [35m79182[0;39m [2m---[0;39m [2m[user-service] [nio-8081-exec-1][0;39m [2m[0;39m[36mo.s.web.servlet.DispatcherServlet       [0;39m [2m:[0;39m Initializing Servlet 'dispatcherServlet'
[2m2026-05-09T00:20:10.100+05:30[0;39m [32m INFO[0;39m [35m79182[0;39m [2m---[0;39m [2m[user-service] [nio-8081-exec-1][0;39m [2m[0;39m[36mo.s.web.servlet.DispatcherServlet       [0;39m [2m:[0;39m Completed initialization in 9 ms
[2m2026-05-09T00:20:10.258+05:30[0;39m [32m INFO[0;39m [35m79182[0;39m [2m---[0;39m [2m[user-service] [nio-8081-exec-1][0;39m [2m[0;39m[36mc.l.u.controller.AuthController         [0;39m [2m:[0;39m Received registration request: RegisterRequest(fullName=Rahul Sharma, email=test.user.1778266209@landgo.com, role=buyer, password=SecurePass@123, phone=+919876543210, agencyName=null, licenseNumber=null, authProvider=EMAIL, providerId=null, profileImageUrl=null)
[2m2026-05-09T00:20:10.276+05:30[0;39m [32m INFO[0;39m [35m79182[0;39m [2m---[0;39m [2m[user-service] [nio-8081-exec-1][0;39m [2m[0;39m[36mc.l.userservice.service.AuthService     [0;39m [2m:[0;39m Attempting to register user with email: test.user.1778266209@landgo.com
[2m2026-05-09T00:20:10.546+05:30[0;39m [32m INFO[0;39m [35m79182[0;39m [2m---[0;39m [2m[user-service] [nio-8081-exec-1][0;39m [2m[0;39m[36mc.l.userservice.service.AuthService     [0;39m [2m:[0;39m User registered successfully: 619c7be3-b1c7-4030-a124-ee5c774a9210
[2m2026-05-09T00:20:10.738+05:30[0;39m [31mERROR[0;39m [35m79182[0;39m [2m---[0;39m [2m[user-service] [         task-1][0;39m [2m[0;39m[36mc.l.userservice.service.EmailService    [0;39m [2m:[0;39m CRITICAL: Failed to send email to test.user.1778266209@landgo.com. Error: Authentication failed

org.springframework.mail.MailAuthenticationException: Authentication failed
	at org.springframework.mail.javamail.JavaMailSenderImpl.doSend(JavaMailSenderImpl.java:402) ~[spring-context-support-6.1.3.jar:6.1.3]
	at org.springframework.mail.javamail.JavaMailSenderImpl.send(JavaMailSenderImpl.java:350) ~[spring-context-support-6.1.3.jar:6.1.3]
	at org.springframework.mail.javamail.JavaMailSender.send(JavaMailSender.java:101) ~[spring-context-support-6.1.3.jar:6.1.3]
	at com.landgo.userservice.service.EmailService.sendViaJavaMail(EmailService.java:131) ~[classes/:na]
	at com.landgo.userservice.service.EmailService.sendHtmlEmail(EmailService.java:115) ~[classes/:na]
	at com.landgo.userservice.service.EmailService.sendVerificationEmail(EmailService.java:62) ~[classes/:na]
	at java.base/jdk.internal.reflect.DirectMethodHandleAccessor.invoke(DirectMethodHandleAccessor.java:103) ~[na:na]
	at java.base/java.lang.reflect.Method.invoke(Method.java:580) ~[na:na]
	at org.springframework.aop.support.AopUtils.invokeJoinpointUsingReflection(AopUtils.java:351) ~[spring-aop-6.1.3.jar:6.1.3]
	at org.springframework.aop.framework.ReflectiveMethodInvocation.invokeJoinpoint(ReflectiveMethodInvocation.java:196) ~[spring-aop-6.1.3.jar:6.1.3]
	at org.springframework.aop.framework.ReflectiveMethodInvocation.proceed(ReflectiveMethodInvocation.java:163) ~[spring-aop-6.1.3.jar:6.1.3]
	at org.springframework.aop.framework.CglibAopProxy$CglibMethodInvocation.proceed(CglibAopProxy.java:765) ~[spring-aop-6.1.3.jar:6.1.3]
	at org.springframework.aop.interceptor.AsyncExecutionInterceptor.lambda$invoke$0(AsyncExecutionInterceptor.java:113) ~[spring-aop-6.1.3.jar:6.1.3]
	at java.base/java.util.concurrent.FutureTask.run(FutureTask.java:317) ~[na:na]
	at java.base/java.util.concurrent.ThreadPoolExecutor.runWorker(ThreadPoolExecutor.java:1144) ~[na:na]
	at java.base/java.util.concurrent.ThreadPoolExecutor$Worker.run(ThreadPoolExecutor.java:642) ~[na:na]
	at java.base/java.lang.Thread.run(Thread.java:1575) ~[na:na]
Caused by: jakarta.mail.AuthenticationFailedException: failed to connect, no password specified?
	at jakarta.mail.Service.connect(Service.java:379) ~[jakarta.mail-2.0.2.jar:na]
	at org.springframework.mail.javamail.JavaMailSenderImpl.connectTransport(JavaMailSenderImpl.java:480) ~[spring-context-support-6.1.3.jar:6.1.3]
	at org.springframework.mail.javamail.JavaMailSenderImpl.doSend(JavaMailSenderImpl.java:399) ~[spring-context-support-6.1.3.jar:6.1.3]
	... 16 common frames omitted

[2m2026-05-09T00:20:10.741+05:30[0;39m [31mERROR[0;39m [35m79182[0;39m [2m---[0;39m [2m[user-service] [         task-1][0;39m [2m[0;39m[36mc.l.userservice.service.EmailService    [0;39m [2m:[0;39m Failed to send verification email to: test.user.1778266209@landgo.com

java.lang.RuntimeException: Failed to send email
	at com.landgo.userservice.service.EmailService.sendHtmlEmail(EmailService.java:120) ~[classes/:na]
	at com.landgo.userservice.service.EmailService.sendVerificationEmail(EmailService.java:62) ~[classes/:na]
	at java.base/jdk.internal.reflect.DirectMethodHandleAccessor.invoke(DirectMethodHandleAccessor.java:103) ~[na:na]
	at java.base/java.lang.reflect.Method.invoke(Method.java:580) ~[na:na]
	at org.springframework.aop.support.AopUtils.invokeJoinpointUsingReflection(AopUtils.java:351) ~[spring-aop-6.1.3.jar:6.1.3]
	at org.springframework.aop.framework.ReflectiveMethodInvocation.invokeJoinpoint(ReflectiveMethodInvocation.java:196) ~[spring-aop-6.1.3.jar:6.1.3]
	at org.springframework.aop.framework.ReflectiveMethodInvocation.proceed(ReflectiveMethodInvocation.java:163) ~[spring-aop-6.1.3.jar:6.1.3]
	at org.springframework.aop.framework.CglibAopProxy$CglibMethodInvocation.proceed(CglibAopProxy.java:765) ~[spring-aop-6.1.3.jar:6.1.3]
	at org.springframework.aop.interceptor.AsyncExecutionInterceptor.lambda$invoke$0(AsyncExecutionInterceptor.java:113) ~[spring-aop-6.1.3.jar:6.1.3]
	at java.base/java.util.concurrent.FutureTask.run(FutureTask.java:317) ~[na:na]
	at java.base/java.util.concurrent.ThreadPoolExecutor.runWorker(ThreadPoolExecutor.java:1144) ~[na:na]
	at java.base/java.util.concurrent.ThreadPoolExecutor$Worker.run(ThreadPoolExecutor.java:642) ~[na:na]
	at java.base/java.lang.Thread.run(Thread.java:1575) ~[na:na]
Caused by: org.springframework.mail.MailAuthenticationException: Authentication failed
	at org.springframework.mail.javamail.JavaMailSenderImpl.doSend(JavaMailSenderImpl.java:402) ~[spring-context-support-6.1.3.jar:6.1.3]
	at org.springframework.mail.javamail.JavaMailSenderImpl.send(JavaMailSenderImpl.java:350) ~[spring-context-support-6.1.3.jar:6.1.3]
	at org.springframework.mail.javamail.JavaMailSender.send(JavaMailSender.java:101) ~[spring-context-support-6.1.3.jar:6.1.3]
	at com.landgo.userservice.service.EmailService.sendViaJavaMail(EmailService.java:131) ~[classes/:na]
	at com.landgo.userservice.service.EmailService.sendHtmlEmail(EmailService.java:115) ~[classes/:na]
	... 12 common frames omitted
Caused by: jakarta.mail.AuthenticationFailedException: failed to connect, no password specified?
	at jakarta.mail.Service.connect(Service.java:379) ~[jakarta.mail-2.0.2.jar:na]
	at org.springframework.mail.javamail.JavaMailSenderImpl.connectTransport(JavaMailSenderImpl.java:480) ~[spring-context-support-6.1.3.jar:6.1.3]
	at org.springframework.mail.javamail.JavaMailSenderImpl.doSend(JavaMailSenderImpl.java:399) ~[spring-context-support-6.1.3.jar:6.1.3]
	... 16 common frames omitted

[2m2026-05-09T00:20:10.742+05:30[0;39m [31mERROR[0;39m [35m79182[0;39m [2m---[0;39m [2m[user-service] [         task-1][0;39m [2m[0;39m[36m.a.i.SimpleAsyncUncaughtExceptionHandler[0;39m [2m:[0;39m Unexpected exception occurred invoking async method: public void com.landgo.userservice.service.EmailService.sendVerificationEmail(java.lang.String,java.lang.String,java.lang.String,java.lang.String)

java.lang.RuntimeException: Failed to send verification email
	at com.landgo.userservice.service.EmailService.sendVerificationEmail(EmailService.java:66) ~[classes/:na]
	at java.base/jdk.internal.reflect.DirectMethodHandleAccessor.invoke(DirectMethodHandleAccessor.java:103) ~[na:na]
	at java.base/java.lang.reflect.Method.invoke(Method.java:580) ~[na:na]
	at org.springframework.aop.support.AopUtils.invokeJoinpointUsingReflection(AopUtils.java:351) ~[spring-aop-6.1.3.jar:6.1.3]
	at org.springframework.aop.framework.ReflectiveMethodInvocation.invokeJoinpoint(ReflectiveMethodInvocation.java:196) ~[spring-aop-6.1.3.jar:6.1.3]
	at org.springframework.aop.framework.ReflectiveMethodInvocation.proceed(ReflectiveMethodInvocation.java:163) ~[spring-aop-6.1.3.jar:6.1.3]
	at org.springframework.aop.framework.CglibAopProxy$CglibMethodInvocation.proceed(CglibAopProxy.java:765) ~[spring-aop-6.1.3.jar:6.1.3]
	at org.springframework.aop.interceptor.AsyncExecutionInterceptor.lambda$invoke$0(AsyncExecutionInterceptor.java:113) ~[spring-aop-6.1.3.jar:6.1.3]
	at java.base/java.util.concurrent.FutureTask.run(FutureTask.java:317) ~[na:na]
	at java.base/java.util.concurrent.ThreadPoolExecutor.runWorker(ThreadPoolExecutor.java:1144) ~[na:na]
	at java.base/java.util.concurrent.ThreadPoolExecutor$Worker.run(ThreadPoolExecutor.java:642) ~[na:na]
	at java.base/java.lang.Thread.run(Thread.java:1575) ~[na:na]
Caused by: java.lang.RuntimeException: Failed to send email
	at com.landgo.userservice.service.EmailService.sendHtmlEmail(EmailService.java:120) ~[classes/:na]
	at com.landgo.userservice.service.EmailService.sendVerificationEmail(EmailService.java:62) ~[classes/:na]
	... 11 common frames omitted
Caused by: org.springframework.mail.MailAuthenticationException: Authentication failed
	at org.springframework.mail.javamail.JavaMailSenderImpl.doSend(JavaMailSenderImpl.java:402) ~[spring-context-support-6.1.3.jar:6.1.3]
	at org.springframework.mail.javamail.JavaMailSenderImpl.send(JavaMailSenderImpl.java:350) ~[spring-context-support-6.1.3.jar:6.1.3]
	at org.springframework.mail.javamail.JavaMailSender.send(JavaMailSender.java:101) ~[spring-context-support-6.1.3.jar:6.1.3]
	at com.landgo.userservice.service.EmailService.sendViaJavaMail(EmailService.java:131) ~[classes/:na]
	at com.landgo.userservice.service.EmailService.sendHtmlEmail(EmailService.java:115) ~[classes/:na]
	... 12 common frames omitted
Caused by: jakarta.mail.AuthenticationFailedException: failed to connect, no password specified?
	at jakarta.mail.Service.connect(Service.java:379) ~[jakarta.mail-2.0.2.jar:na]
	at org.springframework.mail.javamail.JavaMailSenderImpl.connectTransport(JavaMailSenderImpl.java:480) ~[spring-context-support-6.1.3.jar:6.1.3]
	at org.springframework.mail.javamail.JavaMailSenderImpl.doSend(JavaMailSenderImpl.java:399) ~[spring-context-support-6.1.3.jar:6.1.3]
	... 16 common frames omitted

[2m2026-05-09T00:20:10.816+05:30[0;39m [32m INFO[0;39m [35m79182[0;39m [2m---[0;39m [2m[user-service] [nio-8081-exec-2][0;39m [2m[0;39m[36mc.l.userservice.service.AuthService     [0;39m [2m:[0;39m Attempting login for email: test.user.1778266209@landgo.com
[2m2026-05-09T00:20:11.149+05:30[0;39m [32m INFO[0;39m [35m79182[0;39m [2m---[0;39m [2m[user-service] [nio-8081-exec-2][0;39m [2m[0;39m[36mc.l.userservice.service.AuthService     [0;39m [2m:[0;39m User login attempt: test.user.1778266209@landgo.com
[2m2026-05-09T00:20:11.499+05:30[0;39m [32m INFO[0;39m [35m79182[0;39m [2m---[0;39m [2m[user-service] [nio-8081-exec-5][0;39m [2m[0;39m[36mc.l.userservice.service.AuthService     [0;39m [2m:[0;39m Profile updated for user: test.user.1778266209@landgo.com
[2m2026-05-09T00:20:11.603+05:30[0;39m [32m INFO[0;39m [35m79182[0;39m [2m---[0;39m [2m[user-service] [nio-8081-exec-7][0;39m [2m[0;39m[36mc.l.u.s.NotificationPreferencesService  [0;39m [2m:[0;39m Notification preferences updated for user: 619c7be3-b1c7-4030-a124-ee5c774a9210
[2m2026-05-09T00:20:12.324+05:30[0;39m [32m INFO[0;39m [35m79182[0;39m [2m---[0;39m [2m[user-service] [nio-8081-exec-1][0;39m [2m[0;39m[36mc.l.userservice.service.AuthService     [0;39m [2m:[0;39m Password reset token generated for user: test.user.1778266209@landgo.com
[2m2026-05-09T00:20:12.326+05:30[0;39m [31mERROR[0;39m [35m79182[0;39m [2m---[0;39m [2m[user-service] [         task-2][0;39m [2m[0;39m[36mc.l.userservice.service.EmailService    [0;39m [2m:[0;39m CRITICAL: Failed to send email to test.user.1778266209@landgo.com. Error: Authentication failed

org.springframework.mail.MailAuthenticationException: Authentication failed
	at org.springframework.mail.javamail.JavaMailSenderImpl.doSend(JavaMailSenderImpl.java:402) ~[spring-context-support-6.1.3.jar:6.1.3]
	at org.springframework.mail.javamail.JavaMailSenderImpl.send(JavaMailSenderImpl.java:350) ~[spring-context-support-6.1.3.jar:6.1.3]
	at org.springframework.mail.javamail.JavaMailSender.send(JavaMailSender.java:101) ~[spring-context-support-6.1.3.jar:6.1.3]
	at com.landgo.userservice.service.EmailService.sendViaJavaMail(EmailService.java:131) ~[classes/:na]
	at com.landgo.userservice.service.EmailService.sendHtmlEmail(EmailService.java:115) ~[classes/:na]
	at com.landgo.userservice.service.EmailService.sendPasswordResetEmail(EmailService.java:74) ~[classes/:na]
	at java.base/jdk.internal.reflect.DirectMethodHandleAccessor.invoke(DirectMethodHandleAccessor.java:103) ~[na:na]
	at java.base/java.lang.reflect.Method.invoke(Method.java:580) ~[na:na]
	at org.springframework.aop.support.AopUtils.invokeJoinpointUsingReflection(AopUtils.java:351) ~[spring-aop-6.1.3.jar:6.1.3]
	at org.springframework.aop.framework.ReflectiveMethodInvocation.invokeJoinpoint(ReflectiveMethodInvocation.java:196) ~[spring-aop-6.1.3.jar:6.1.3]
	at org.springframework.aop.framework.ReflectiveMethodInvocation.proceed(ReflectiveMethodInvocation.java:163) ~[spring-aop-6.1.3.jar:6.1.3]
	at org.springframework.aop.framework.CglibAopProxy$CglibMethodInvocation.proceed(CglibAopProxy.java:765) ~[spring-aop-6.1.3.jar:6.1.3]
	at org.springframework.aop.interceptor.AsyncExecutionInterceptor.lambda$invoke$0(AsyncExecutionInterceptor.java:113) ~[spring-aop-6.1.3.jar:6.1.3]
	at java.base/java.util.concurrent.FutureTask.run(FutureTask.java:317) ~[na:na]
	at java.base/java.util.concurrent.ThreadPoolExecutor.runWorker(ThreadPoolExecutor.java:1144) ~[na:na]
	at java.base/java.util.concurrent.ThreadPoolExecutor$Worker.run(ThreadPoolExecutor.java:642) ~[na:na]
	at java.base/java.lang.Thread.run(Thread.java:1575) ~[na:na]
Caused by: jakarta.mail.AuthenticationFailedException: failed to connect, no password specified?
	at jakarta.mail.Service.connect(Service.java:379) ~[jakarta.mail-2.0.2.jar:na]
	at org.springframework.mail.javamail.JavaMailSenderImpl.connectTransport(JavaMailSenderImpl.java:480) ~[spring-context-support-6.1.3.jar:6.1.3]
	at org.springframework.mail.javamail.JavaMailSenderImpl.doSend(JavaMailSenderImpl.java:399) ~[spring-context-support-6.1.3.jar:6.1.3]
	... 16 common frames omitted

[2m2026-05-09T00:20:12.326+05:30[0;39m [31mERROR[0;39m [35m79182[0;39m [2m---[0;39m [2m[user-service] [         task-2][0;39m [2m[0;39m[36mc.l.userservice.service.EmailService    [0;39m [2m:[0;39m Failed to send password reset email to: test.user.1778266209@landgo.com

java.lang.RuntimeException: Failed to send email
	at com.landgo.userservice.service.EmailService.sendHtmlEmail(EmailService.java:120) ~[classes/:na]
	at com.landgo.userservice.service.EmailService.sendPasswordResetEmail(EmailService.java:74) ~[classes/:na]
	at java.base/jdk.internal.reflect.DirectMethodHandleAccessor.invoke(DirectMethodHandleAccessor.java:103) ~[na:na]
	at java.base/java.lang.reflect.Method.invoke(Method.java:580) ~[na:na]
	at org.springframework.aop.support.AopUtils.invokeJoinpointUsingReflection(AopUtils.java:351) ~[spring-aop-6.1.3.jar:6.1.3]
	at org.springframework.aop.framework.ReflectiveMethodInvocation.invokeJoinpoint(ReflectiveMethodInvocation.java:196) ~[spring-aop-6.1.3.jar:6.1.3]
	at org.springframework.aop.framework.ReflectiveMethodInvocation.proceed(ReflectiveMethodInvocation.java:163) ~[spring-aop-6.1.3.jar:6.1.3]
	at org.springframework.aop.framework.CglibAopProxy$CglibMethodInvocation.proceed(CglibAopProxy.java:765) ~[spring-aop-6.1.3.jar:6.1.3]
	at org.springframework.aop.interceptor.AsyncExecutionInterceptor.lambda$invoke$0(AsyncExecutionInterceptor.java:113) ~[spring-aop-6.1.3.jar:6.1.3]
	at java.base/java.util.concurrent.FutureTask.run(FutureTask.java:317) ~[na:na]
	at java.base/java.util.concurrent.ThreadPoolExecutor.runWorker(ThreadPoolExecutor.java:1144) ~[na:na]
	at java.base/java.util.concurrent.ThreadPoolExecutor$Worker.run(ThreadPoolExecutor.java:642) ~[na:na]
	at java.base/java.lang.Thread.run(Thread.java:1575) ~[na:na]
Caused by: org.springframework.mail.MailAuthenticationException: Authentication failed
	at org.springframework.mail.javamail.JavaMailSenderImpl.doSend(JavaMailSenderImpl.java:402) ~[spring-context-support-6.1.3.jar:6.1.3]
	at org.springframework.mail.javamail.JavaMailSenderImpl.send(JavaMailSenderImpl.java:350) ~[spring-context-support-6.1.3.jar:6.1.3]
	at org.springframework.mail.javamail.JavaMailSender.send(JavaMailSender.java:101) ~[spring-context-support-6.1.3.jar:6.1.3]
	at com.landgo.userservice.service.EmailService.sendViaJavaMail(EmailService.java:131) ~[classes/:na]
	at com.landgo.userservice.service.EmailService.sendHtmlEmail(EmailService.java:115) ~[classes/:na]
	... 12 common frames omitted
Caused by: jakarta.mail.AuthenticationFailedException: failed to connect, no password specified?
	at jakarta.mail.Service.connect(Service.java:379) ~[jakarta.mail-2.0.2.jar:na]
	at org.springframework.mail.javamail.JavaMailSenderImpl.connectTransport(JavaMailSenderImpl.java:480) ~[spring-context-support-6.1.3.jar:6.1.3]
	at org.springframework.mail.javamail.JavaMailSenderImpl.doSend(JavaMailSenderImpl.java:399) ~[spring-context-support-6.1.3.jar:6.1.3]
	... 16 common frames omitted

[2m2026-05-09T00:20:12.327+05:30[0;39m [31mERROR[0;39m [35m79182[0;39m [2m---[0;39m [2m[user-service] [         task-2][0;39m [2m[0;39m[36m.a.i.SimpleAsyncUncaughtExceptionHandler[0;39m [2m:[0;39m Unexpected exception occurred invoking async method: public void com.landgo.userservice.service.EmailService.sendPasswordResetEmail(java.lang.String,java.lang.String,java.lang.String)

java.lang.RuntimeException: Failed to send password reset email
	at com.landgo.userservice.service.EmailService.sendPasswordResetEmail(EmailService.java:78) ~[classes/:na]
	at java.base/jdk.internal.reflect.DirectMethodHandleAccessor.invoke(DirectMethodHandleAccessor.java:103) ~[na:na]
	at java.base/java.lang.reflect.Method.invoke(Method.java:580) ~[na:na]
	at org.springframework.aop.support.AopUtils.invokeJoinpointUsingReflection(AopUtils.java:351) ~[spring-aop-6.1.3.jar:6.1.3]
	at org.springframework.aop.framework.ReflectiveMethodInvocation.invokeJoinpoint(ReflectiveMethodInvocation.java:196) ~[spring-aop-6.1.3.jar:6.1.3]
	at org.springframework.aop.framework.ReflectiveMethodInvocation.proceed(ReflectiveMethodInvocation.java:163) ~[spring-aop-6.1.3.jar:6.1.3]
	at org.springframework.aop.framework.CglibAopProxy$CglibMethodInvocation.proceed(CglibAopProxy.java:765) ~[spring-aop-6.1.3.jar:6.1.3]
	at org.springframework.aop.interceptor.AsyncExecutionInterceptor.lambda$invoke$0(AsyncExecutionInterceptor.java:113) ~[spring-aop-6.1.3.jar:6.1.3]
	at java.base/java.util.concurrent.FutureTask.run(FutureTask.java:317) ~[na:na]
	at java.base/java.util.concurrent.ThreadPoolExecutor.runWorker(ThreadPoolExecutor.java:1144) ~[na:na]
	at java.base/java.util.concurrent.ThreadPoolExecutor$Worker.run(ThreadPoolExecutor.java:642) ~[na:na]
	at java.base/java.lang.Thread.run(Thread.java:1575) ~[na:na]
Caused by: java.lang.RuntimeException: Failed to send email
	at com.landgo.userservice.service.EmailService.sendHtmlEmail(EmailService.java:120) ~[classes/:na]
	at com.landgo.userservice.service.EmailService.sendPasswordResetEmail(EmailService.java:74) ~[classes/:na]
	... 11 common frames omitted
Caused by: org.springframework.mail.MailAuthenticationException: Authentication failed
	at org.springframework.mail.javamail.JavaMailSenderImpl.doSend(JavaMailSenderImpl.java:402) ~[spring-context-support-6.1.3.jar:6.1.3]
	at org.springframework.mail.javamail.JavaMailSenderImpl.send(JavaMailSenderImpl.java:350) ~[spring-context-support-6.1.3.jar:6.1.3]
	at org.springframework.mail.javamail.JavaMailSender.send(JavaMailSender.java:101) ~[spring-context-support-6.1.3.jar:6.1.3]
	at com.landgo.userservice.service.EmailService.sendViaJavaMail(EmailService.java:131) ~[classes/:na]
	at com.landgo.userservice.service.EmailService.sendHtmlEmail(EmailService.java:115) ~[classes/:na]
	... 12 common frames omitted
Caused by: jakarta.mail.AuthenticationFailedException: failed to connect, no password specified?
	at jakarta.mail.Service.connect(Service.java:379) ~[jakarta.mail-2.0.2.jar:na]
	at org.springframework.mail.javamail.JavaMailSenderImpl.connectTransport(JavaMailSenderImpl.java:480) ~[spring-context-support-6.1.3.jar:6.1.3]
	at org.springframework.mail.javamail.JavaMailSenderImpl.doSend(JavaMailSenderImpl.java:399) ~[spring-context-support-6.1.3.jar:6.1.3]
	... 16 common frames omitted

[2m2026-05-09T00:20:12.383+05:30[0;39m [33m WARN[0;39m [35m79182[0;39m [2m---[0;39m [2m[user-service] [nio-8081-exec-2][0;39m [2m[0;39m[36mc.l.u.exception.GlobalExceptionHandler  [0;39m [2m:[0;39m API Exception: Invalid or expired password reset link - Code: AUTH_INVALID_OR_EXPIRED_TOKEN
[2m2026-05-09T00:20:12.431+05:30[0;39m [32m INFO[0;39m [35m79182[0;39m [2m---[0;39m [2m[user-service] [nio-8081-exec-3][0;39m [2m[0;39m[36mc.l.userservice.service.AuthService     [0;39m [2m:[0;39m Verification code resent to: test.user.1778266209@landgo.com
[2m2026-05-09T00:20:12.446+05:30[0;39m [31mERROR[0;39m [35m79182[0;39m [2m---[0;39m [2m[user-service] [         task-3][0;39m [2m[0;39m[36mc.l.userservice.service.EmailService    [0;39m [2m:[0;39m CRITICAL: Failed to send email to test.user.1778266209@landgo.com. Error: Authentication failed

org.springframework.mail.MailAuthenticationException: Authentication failed
	at org.springframework.mail.javamail.JavaMailSenderImpl.doSend(JavaMailSenderImpl.java:402) ~[spring-context-support-6.1.3.jar:6.1.3]
	at org.springframework.mail.javamail.JavaMailSenderImpl.send(JavaMailSenderImpl.java:350) ~[spring-context-support-6.1.3.jar:6.1.3]
	at org.springframework.mail.javamail.JavaMailSender.send(JavaMailSender.java:101) ~[spring-context-support-6.1.3.jar:6.1.3]
	at com.landgo.userservice.service.EmailService.sendViaJavaMail(EmailService.java:131) ~[classes/:na]
	at com.landgo.userservice.service.EmailService.sendHtmlEmail(EmailService.java:115) ~[classes/:na]
	at com.landgo.userservice.service.EmailService.sendVerificationEmail(EmailService.java:62) ~[classes/:na]
	at java.base/jdk.internal.reflect.DirectMethodHandleAccessor.invoke(DirectMethodHandleAccessor.java:103) ~[na:na]
	at java.base/java.lang.reflect.Method.invoke(Method.java:580) ~[na:na]
	at org.springframework.aop.support.AopUtils.invokeJoinpointUsingReflection(AopUtils.java:351) ~[spring-aop-6.1.3.jar:6.1.3]
	at org.springframework.aop.framework.ReflectiveMethodInvocation.invokeJoinpoint(ReflectiveMethodInvocation.java:196) ~[spring-aop-6.1.3.jar:6.1.3]
	at org.springframework.aop.framework.ReflectiveMethodInvocation.proceed(ReflectiveMethodInvocation.java:163) ~[spring-aop-6.1.3.jar:6.1.3]
	at org.springframework.aop.framework.CglibAopProxy$CglibMethodInvocation.proceed(CglibAopProxy.java:765) ~[spring-aop-6.1.3.jar:6.1.3]
	at org.springframework.aop.interceptor.AsyncExecutionInterceptor.lambda$invoke$0(AsyncExecutionInterceptor.java:113) ~[spring-aop-6.1.3.jar:6.1.3]
	at java.base/java.util.concurrent.FutureTask.run(FutureTask.java:317) ~[na:na]
	at java.base/java.util.concurrent.ThreadPoolExecutor.runWorker(ThreadPoolExecutor.java:1144) ~[na:na]
	at java.base/java.util.concurrent.ThreadPoolExecutor$Worker.run(ThreadPoolExecutor.java:642) ~[na:na]
	at java.base/java.lang.Thread.run(Thread.java:1575) ~[na:na]
Caused by: jakarta.mail.AuthenticationFailedException: failed to connect, no password specified?
	at jakarta.mail.Service.connect(Service.java:379) ~[jakarta.mail-2.0.2.jar:na]
	at org.springframework.mail.javamail.JavaMailSenderImpl.connectTransport(JavaMailSenderImpl.java:480) ~[spring-context-support-6.1.3.jar:6.1.3]
	at org.springframework.mail.javamail.JavaMailSenderImpl.doSend(JavaMailSenderImpl.java:399) ~[spring-context-support-6.1.3.jar:6.1.3]
	... 16 common frames omitted

[2m2026-05-09T00:20:12.447+05:30[0;39m [31mERROR[0;39m [35m79182[0;39m [2m---[0;39m [2m[user-service] [         task-3][0;39m [2m[0;39m[36mc.l.userservice.service.EmailService    [0;39m [2m:[0;39m Failed to send verification email to: test.user.1778266209@landgo.com

java.lang.RuntimeException: Failed to send email
	at com.landgo.userservice.service.EmailService.sendHtmlEmail(EmailService.java:120) ~[classes/:na]
	at com.landgo.userservice.service.EmailService.sendVerificationEmail(EmailService.java:62) ~[classes/:na]
	at java.base/jdk.internal.reflect.DirectMethodHandleAccessor.invoke(DirectMethodHandleAccessor.java:103) ~[na:na]
	at java.base/java.lang.reflect.Method.invoke(Method.java:580) ~[na:na]
	at org.springframework.aop.support.AopUtils.invokeJoinpointUsingReflection(AopUtils.java:351) ~[spring-aop-6.1.3.jar:6.1.3]
	at org.springframework.aop.framework.ReflectiveMethodInvocation.invokeJoinpoint(ReflectiveMethodInvocation.java:196) ~[spring-aop-6.1.3.jar:6.1.3]
	at org.springframework.aop.framework.ReflectiveMethodInvocation.proceed(ReflectiveMethodInvocation.java:163) ~[spring-aop-6.1.3.jar:6.1.3]
	at org.springframework.aop.framework.CglibAopProxy$CglibMethodInvocation.proceed(CglibAopProxy.java:765) ~[spring-aop-6.1.3.jar:6.1.3]
	at org.springframework.aop.interceptor.AsyncExecutionInterceptor.lambda$invoke$0(AsyncExecutionInterceptor.java:113) ~[spring-aop-6.1.3.jar:6.1.3]
	at java.base/java.util.concurrent.FutureTask.run(FutureTask.java:317) ~[na:na]
	at java.base/java.util.concurrent.ThreadPoolExecutor.runWorker(ThreadPoolExecutor.java:1144) ~[na:na]
	at java.base/java.util.concurrent.ThreadPoolExecutor$Worker.run(ThreadPoolExecutor.java:642) ~[na:na]
	at java.base/java.lang.Thread.run(Thread.java:1575) ~[na:na]
Caused by: org.springframework.mail.MailAuthenticationException: Authentication failed
	at org.springframework.mail.javamail.JavaMailSenderImpl.doSend(JavaMailSenderImpl.java:402) ~[spring-context-support-6.1.3.jar:6.1.3]
	at org.springframework.mail.javamail.JavaMailSenderImpl.send(JavaMailSenderImpl.java:350) ~[spring-context-support-6.1.3.jar:6.1.3]
	at org.springframework.mail.javamail.JavaMailSender.send(JavaMailSender.java:101) ~[spring-context-support-6.1.3.jar:6.1.3]
	at com.landgo.userservice.service.EmailService.sendViaJavaMail(EmailService.java:131) ~[classes/:na]
	at com.landgo.userservice.service.EmailService.sendHtmlEmail(EmailService.java:115) ~[classes/:na]
	... 12 common frames omitted
Caused by: jakarta.mail.AuthenticationFailedException: failed to connect, no password specified?
	at jakarta.mail.Service.connect(Service.java:379) ~[jakarta.mail-2.0.2.jar:na]
	at org.springframework.mail.javamail.JavaMailSenderImpl.connectTransport(JavaMailSenderImpl.java:480) ~[spring-context-support-6.1.3.jar:6.1.3]
	at org.springframework.mail.javamail.JavaMailSenderImpl.doSend(JavaMailSenderImpl.java:399) ~[spring-context-support-6.1.3.jar:6.1.3]
	... 16 common frames omitted

[2m2026-05-09T00:20:12.449+05:30[0;39m [31mERROR[0;39m [35m79182[0;39m [2m---[0;39m [2m[user-service] [         task-3][0;39m [2m[0;39m[36m.a.i.SimpleAsyncUncaughtExceptionHandler[0;39m [2m:[0;39m Unexpected exception occurred invoking async method: public void com.landgo.userservice.service.EmailService.sendVerificationEmail(java.lang.String,java.lang.String,java.lang.String,java.lang.String)

java.lang.RuntimeException: Failed to send verification email
	at com.landgo.userservice.service.EmailService.sendVerificationEmail(EmailService.java:66) ~[classes/:na]
	at java.base/jdk.internal.reflect.DirectMethodHandleAccessor.invoke(DirectMethodHandleAccessor.java:103) ~[na:na]
	at java.base/java.lang.reflect.Method.invoke(Method.java:580) ~[na:na]
	at org.springframework.aop.support.AopUtils.invokeJoinpointUsingReflection(AopUtils.java:351) ~[spring-aop-6.1.3.jar:6.1.3]
	at org.springframework.aop.framework.ReflectiveMethodInvocation.invokeJoinpoint(ReflectiveMethodInvocation.java:196) ~[spring-aop-6.1.3.jar:6.1.3]
	at org.springframework.aop.framework.ReflectiveMethodInvocation.proceed(ReflectiveMethodInvocation.java:163) ~[spring-aop-6.1.3.jar:6.1.3]
	at org.springframework.aop.framework.CglibAopProxy$CglibMethodInvocation.proceed(CglibAopProxy.java:765) ~[spring-aop-6.1.3.jar:6.1.3]
	at org.springframework.aop.interceptor.AsyncExecutionInterceptor.lambda$invoke$0(AsyncExecutionInterceptor.java:113) ~[spring-aop-6.1.3.jar:6.1.3]
	at java.base/java.util.concurrent.FutureTask.run(FutureTask.java:317) ~[na:na]
	at java.base/java.util.concurrent.ThreadPoolExecutor.runWorker(ThreadPoolExecutor.java:1144) ~[na:na]
	at java.base/java.util.concurrent.ThreadPoolExecutor$Worker.run(ThreadPoolExecutor.java:642) ~[na:na]
	at java.base/java.lang.Thread.run(Thread.java:1575) ~[na:na]
Caused by: java.lang.RuntimeException: Failed to send email
	at com.landgo.userservice.service.EmailService.sendHtmlEmail(EmailService.java:120) ~[classes/:na]
	at com.landgo.userservice.service.EmailService.sendVerificationEmail(EmailService.java:62) ~[classes/:na]
	... 11 common frames omitted
Caused by: org.springframework.mail.MailAuthenticationException: Authentication failed
	at org.springframework.mail.javamail.JavaMailSenderImpl.doSend(JavaMailSenderImpl.java:402) ~[spring-context-support-6.1.3.jar:6.1.3]
	at org.springframework.mail.javamail.JavaMailSenderImpl.send(JavaMailSenderImpl.java:350) ~[spring-context-support-6.1.3.jar:6.1.3]
	at org.springframework.mail.javamail.JavaMailSender.send(JavaMailSender.java:101) ~[spring-context-support-6.1.3.jar:6.1.3]
	at com.landgo.userservice.service.EmailService.sendViaJavaMail(EmailService.java:131) ~[classes/:na]
	at com.landgo.userservice.service.EmailService.sendHtmlEmail(EmailService.java:115) ~[classes/:na]
	... 12 common frames omitted
Caused by: jakarta.mail.AuthenticationFailedException: failed to connect, no password specified?
	at jakarta.mail.Service.connect(Service.java:379) ~[jakarta.mail-2.0.2.jar:na]
	at org.springframework.mail.javamail.JavaMailSenderImpl.connectTransport(JavaMailSenderImpl.java:480) ~[spring-context-support-6.1.3.jar:6.1.3]
	at org.springframework.mail.javamail.JavaMailSenderImpl.doSend(JavaMailSenderImpl.java:399) ~[spring-context-support-6.1.3.jar:6.1.3]
	... 16 common frames omitted

[2m2026-05-09T00:20:12.781+05:30[0;39m [32m INFO[0;39m [35m79182[0;39m [2m---[0;39m [2m[user-service] [nio-8081-exec-4][0;39m [2m[0;39m[36mc.l.userservice.service.AuthService     [0;39m [2m:[0;39m Password changed for user: test.user.1778266209@landgo.com
[2m2026-05-09T00:20:12.822+05:30[0;39m [32m INFO[0;39m [35m79182[0;39m [2m---[0;39m [2m[user-service] [nio-8081-exec-5][0;39m [2m[0;39m[36mc.l.userservice.service.AuthService     [0;39m [2m:[0;39m User logged out: 619c7be3-b1c7-4030-a124-ee5c774a9210
[2m2026-05-09T00:20:12.852+05:30[0;39m [32m INFO[0;39m [35m79182[0;39m [2m---[0;39m [2m[user-service] [nio-8081-exec-6][0;39m [2m[0;39m[36mc.l.userservice.service.AuthService     [0;39m [2m:[0;39m Attempting login for email: test.user.1778266209@landgo.com
[2m2026-05-09T00:20:13.003+05:30[0;39m [32m INFO[0;39m [35m79182[0;39m [2m---[0;39m [2m[user-service] [nio-8081-exec-6][0;39m [2m[0;39m[36mc.l.userservice.service.AuthService     [0;39m [2m:[0;39m User login attempt: test.user.1778266209@landgo.com
[2m2026-05-09T00:20:13.418+05:30[0;39m [33m WARN[0;39m [35m79182[0;39m [2m---[0;39m [2m[user-service] [nio-8081-exec-7][0;39m [2m[0;39m[36mc.l.u.exception.GlobalExceptionHandler  [0;39m [2m:[0;39m API Exception: VendorProfile not found with userId : '619c7be3-b1c7-4030-a124-ee5c774a9210' - Code: NOT_FOUND
[2m2026-05-09T00:20:13.488+05:30[0;39m [33m WARN[0;39m [35m79182[0;39m [2m---[0;39m [2m[user-service] [nio-8081-exec-8][0;39m [2m[0;39m[36mc.l.u.exception.GlobalExceptionHandler  [0;39m [2m:[0;39m API Exception: VendorProfile not found with userId : '619c7be3-b1c7-4030-a124-ee5c774a9210' - Code: NOT_FOUND
[2m2026-05-09T00:20:13.842+05:30[0;39m [33m WARN[0;39m [35m79182[0;39m [2m---[0;39m [2m[user-service] [nio-8081-exec-9][0;39m [2m[0;39m[36mc.l.u.exception.GlobalExceptionHandler  [0;39m [2m:[0;39m API Exception: VendorProfile not found with userId : '619c7be3-b1c7-4030-a124-ee5c774a9210' - Code: NOT_FOUND
[2m2026-05-09T00:20:14.183+05:30[0;39m [33m WARN[0;39m [35m79182[0;39m [2m---[0;39m [2m[user-service] [io-8081-exec-10][0;39m [2m[0;39m[36mc.l.u.exception.GlobalExceptionHandler  [0;39m [2m:[0;39m API Exception: VendorProfile not found with userId : '619c7be3-b1c7-4030-a124-ee5c774a9210' - Code: NOT_FOUND
[2m2026-05-09T00:20:14.237+05:30[0;39m [33m WARN[0;39m [35m79182[0;39m [2m---[0;39m [2m[user-service] [nio-8081-exec-1][0;39m [2m[0;39m[36mc.l.u.exception.GlobalExceptionHandler  [0;39m [2m:[0;39m API Exception: VendorProfile not found with userId : '619c7be3-b1c7-4030-a124-ee5c774a9210' - Code: NOT_FOUND
[2m2026-05-09T00:20:14.326+05:30[0;39m [32m INFO[0;39m [35m79182[0;39m [2m---[0;39m [2m[user-service] [nio-8081-exec-2][0;39m [2m[0;39m[36mc.l.userservice.service.VendorService   [0;39m [2m:[0;39m Vendor profile created for user: 619c7be3-b1c7-4030-a124-ee5c774a9210
[2m2026-05-09T00:24:13.073+05:30[0;39m [32m INFO[0;39m [35m79182[0;39m [2m---[0;39m [2m[user-service] [nio-8081-exec-6][0;39m [2m[0;39m[36mc.l.userservice.service.AuthService     [0;39m [2m:[0;39m Attempting login for email: vendor.test.1778266452@landgo.com
[2m2026-05-09T00:24:13.246+05:30[0;39m [33m WARN[0;39m [35m79182[0;39m [2m---[0;39m [2m[user-service] [nio-8081-exec-6][0;39m [2m[0;39m[36mc.l.u.exception.GlobalExceptionHandler  [0;39m [2m:[0;39m Authentication failed: Bad credentials
[2m2026-05-09T00:24:29.607+05:30[0;39m [32m INFO[0;39m [35m79182[0;39m [2m---[0;39m [2m[user-service] [nio-8081-exec-7][0;39m [2m[0;39m[36mc.l.u.controller.AuthController         [0;39m [2m:[0;39m Received registration request: RegisterRequest(fullName=Vendor Test User, email=vendor.test.1778266469@landgo.com, role=SELLER, password=Password123!, phone=+919999999999, agencyName=null, licenseNumber=null, authProvider=EMAIL, providerId=null, profileImageUrl=null)
[2m2026-05-09T00:24:29.613+05:30[0;39m [32m INFO[0;39m [35m79182[0;39m [2m---[0;39m [2m[user-service] [nio-8081-exec-7][0;39m [2m[0;39m[36mc.l.userservice.service.AuthService     [0;39m [2m:[0;39m Attempting to register user with email: vendor.test.1778266469@landgo.com
[2m2026-05-09T00:24:29.777+05:30[0;39m [32m INFO[0;39m [35m79182[0;39m [2m---[0;39m [2m[user-service] [nio-8081-exec-7][0;39m [2m[0;39m[36mc.l.userservice.service.AuthService     [0;39m [2m:[0;39m User registered successfully: 05d18f80-46ce-4cc8-8018-711e4442db63
[2m2026-05-09T00:24:29.801+05:30[0;39m [31mERROR[0;39m [35m79182[0;39m [2m---[0;39m [2m[user-service] [         task-4][0;39m [2m[0;39m[36mc.l.userservice.service.EmailService    [0;39m [2m:[0;39m CRITICAL: Failed to send email to vendor.test.1778266469@landgo.com. Error: Authentication failed

org.springframework.mail.MailAuthenticationException: Authentication failed
	at org.springframework.mail.javamail.JavaMailSenderImpl.doSend(JavaMailSenderImpl.java:402) ~[spring-context-support-6.1.3.jar:6.1.3]
	at org.springframework.mail.javamail.JavaMailSenderImpl.send(JavaMailSenderImpl.java:350) ~[spring-context-support-6.1.3.jar:6.1.3]
	at org.springframework.mail.javamail.JavaMailSender.send(JavaMailSender.java:101) ~[spring-context-support-6.1.3.jar:6.1.3]
	at com.landgo.userservice.service.EmailService.sendViaJavaMail(EmailService.java:131) ~[classes/:na]
	at com.landgo.userservice.service.EmailService.sendHtmlEmail(EmailService.java:115) ~[classes/:na]
	at com.landgo.userservice.service.EmailService.sendVerificationEmail(EmailService.java:62) ~[classes/:na]
	at java.base/jdk.internal.reflect.DirectMethodHandleAccessor.invoke(DirectMethodHandleAccessor.java:103) ~[na:na]
	at java.base/java.lang.reflect.Method.invoke(Method.java:580) ~[na:na]
	at org.springframework.aop.support.AopUtils.invokeJoinpointUsingReflection(AopUtils.java:351) ~[spring-aop-6.1.3.jar:6.1.3]
	at org.springframework.aop.framework.ReflectiveMethodInvocation.invokeJoinpoint(ReflectiveMethodInvocation.java:196) ~[spring-aop-6.1.3.jar:6.1.3]
	at org.springframework.aop.framework.ReflectiveMethodInvocation.proceed(ReflectiveMethodInvocation.java:163) ~[spring-aop-6.1.3.jar:6.1.3]
	at org.springframework.aop.framework.CglibAopProxy$CglibMethodInvocation.proceed(CglibAopProxy.java:765) ~[spring-aop-6.1.3.jar:6.1.3]
	at org.springframework.aop.interceptor.AsyncExecutionInterceptor.lambda$invoke$0(AsyncExecutionInterceptor.java:113) ~[spring-aop-6.1.3.jar:6.1.3]
	at java.base/java.util.concurrent.FutureTask.run(FutureTask.java:317) ~[na:na]
	at java.base/java.util.concurrent.ThreadPoolExecutor.runWorker(ThreadPoolExecutor.java:1144) ~[na:na]
	at java.base/java.util.concurrent.ThreadPoolExecutor$Worker.run(ThreadPoolExecutor.java:642) ~[na:na]
	at java.base/java.lang.Thread.run(Thread.java:1575) ~[na:na]
Caused by: jakarta.mail.AuthenticationFailedException: failed to connect, no password specified?
	at jakarta.mail.Service.connect(Service.java:379) ~[jakarta.mail-2.0.2.jar:na]
	at org.springframework.mail.javamail.JavaMailSenderImpl.connectTransport(JavaMailSenderImpl.java:480) ~[spring-context-support-6.1.3.jar:6.1.3]
	at org.springframework.mail.javamail.JavaMailSenderImpl.doSend(JavaMailSenderImpl.java:399) ~[spring-context-support-6.1.3.jar:6.1.3]
	... 16 common frames omitted

[2m2026-05-09T00:24:29.803+05:30[0;39m [31mERROR[0;39m [35m79182[0;39m [2m---[0;39m [2m[user-service] [         task-4][0;39m [2m[0;39m[36mc.l.userservice.service.EmailService    [0;39m [2m:[0;39m Failed to send verification email to: vendor.test.1778266469@landgo.com

java.lang.RuntimeException: Failed to send email
	at com.landgo.userservice.service.EmailService.sendHtmlEmail(EmailService.java:120) ~[classes/:na]
	at com.landgo.userservice.service.EmailService.sendVerificationEmail(EmailService.java:62) ~[classes/:na]
	at java.base/jdk.internal.reflect.DirectMethodHandleAccessor.invoke(DirectMethodHandleAccessor.java:103) ~[na:na]
	at java.base/java.lang.reflect.Method.invoke(Method.java:580) ~[na:na]
	at org.springframework.aop.support.AopUtils.invokeJoinpointUsingReflection(AopUtils.java:351) ~[spring-aop-6.1.3.jar:6.1.3]
	at org.springframework.aop.framework.ReflectiveMethodInvocation.invokeJoinpoint(ReflectiveMethodInvocation.java:196) ~[spring-aop-6.1.3.jar:6.1.3]
	at org.springframework.aop.framework.ReflectiveMethodInvocation.proceed(ReflectiveMethodInvocation.java:163) ~[spring-aop-6.1.3.jar:6.1.3]
	at org.springframework.aop.framework.CglibAopProxy$CglibMethodInvocation.proceed(CglibAopProxy.java:765) ~[spring-aop-6.1.3.jar:6.1.3]
	at org.springframework.aop.interceptor.AsyncExecutionInterceptor.lambda$invoke$0(AsyncExecutionInterceptor.java:113) ~[spring-aop-6.1.3.jar:6.1.3]
	at java.base/java.util.concurrent.FutureTask.run(FutureTask.java:317) ~[na:na]
	at java.base/java.util.concurrent.ThreadPoolExecutor.runWorker(ThreadPoolExecutor.java:1144) ~[na:na]
	at java.base/java.util.concurrent.ThreadPoolExecutor$Worker.run(ThreadPoolExecutor.java:642) ~[na:na]
	at java.base/java.lang.Thread.run(Thread.java:1575) ~[na:na]
Caused by: org.springframework.mail.MailAuthenticationException: Authentication failed
	at org.springframework.mail.javamail.JavaMailSenderImpl.doSend(JavaMailSenderImpl.java:402) ~[spring-context-support-6.1.3.jar:6.1.3]
	at org.springframework.mail.javamail.JavaMailSenderImpl.send(JavaMailSenderImpl.java:350) ~[spring-context-support-6.1.3.jar:6.1.3]
	at org.springframework.mail.javamail.JavaMailSender.send(JavaMailSender.java:101) ~[spring-context-support-6.1.3.jar:6.1.3]
	at com.landgo.userservice.service.EmailService.sendViaJavaMail(EmailService.java:131) ~[classes/:na]
	at com.landgo.userservice.service.EmailService.sendHtmlEmail(EmailService.java:115) ~[classes/:na]
	... 12 common frames omitted
Caused by: jakarta.mail.AuthenticationFailedException: failed to connect, no password specified?
	at jakarta.mail.Service.connect(Service.java:379) ~[jakarta.mail-2.0.2.jar:na]
	at org.springframework.mail.javamail.JavaMailSenderImpl.connectTransport(JavaMailSenderImpl.java:480) ~[spring-context-support-6.1.3.jar:6.1.3]
	at org.springframework.mail.javamail.JavaMailSenderImpl.doSend(JavaMailSenderImpl.java:399) ~[spring-context-support-6.1.3.jar:6.1.3]
	... 16 common frames omitted

[2m2026-05-09T00:24:29.803+05:30[0;39m [31mERROR[0;39m [35m79182[0;39m [2m---[0;39m [2m[user-service] [         task-4][0;39m [2m[0;39m[36m.a.i.SimpleAsyncUncaughtExceptionHandler[0;39m [2m:[0;39m Unexpected exception occurred invoking async method: public void com.landgo.userservice.service.EmailService.sendVerificationEmail(java.lang.String,java.lang.String,java.lang.String,java.lang.String)

java.lang.RuntimeException: Failed to send verification email
	at com.landgo.userservice.service.EmailService.sendVerificationEmail(EmailService.java:66) ~[classes/:na]
	at java.base/jdk.internal.reflect.DirectMethodHandleAccessor.invoke(DirectMethodHandleAccessor.java:103) ~[na:na]
	at java.base/java.lang.reflect.Method.invoke(Method.java:580) ~[na:na]
	at org.springframework.aop.support.AopUtils.invokeJoinpointUsingReflection(AopUtils.java:351) ~[spring-aop-6.1.3.jar:6.1.3]
	at org.springframework.aop.framework.ReflectiveMethodInvocation.invokeJoinpoint(ReflectiveMethodInvocation.java:196) ~[spring-aop-6.1.3.jar:6.1.3]
	at org.springframework.aop.framework.ReflectiveMethodInvocation.proceed(ReflectiveMethodInvocation.java:163) ~[spring-aop-6.1.3.jar:6.1.3]
	at org.springframework.aop.framework.CglibAopProxy$CglibMethodInvocation.proceed(CglibAopProxy.java:765) ~[spring-aop-6.1.3.jar:6.1.3]
	at org.springframework.aop.interceptor.AsyncExecutionInterceptor.lambda$invoke$0(AsyncExecutionInterceptor.java:113) ~[spring-aop-6.1.3.jar:6.1.3]
	at java.base/java.util.concurrent.FutureTask.run(FutureTask.java:317) ~[na:na]
	at java.base/java.util.concurrent.ThreadPoolExecutor.runWorker(ThreadPoolExecutor.java:1144) ~[na:na]
	at java.base/java.util.concurrent.ThreadPoolExecutor$Worker.run(ThreadPoolExecutor.java:642) ~[na:na]
	at java.base/java.lang.Thread.run(Thread.java:1575) ~[na:na]
Caused by: java.lang.RuntimeException: Failed to send email
	at com.landgo.userservice.service.EmailService.sendHtmlEmail(EmailService.java:120) ~[classes/:na]
	at com.landgo.userservice.service.EmailService.sendVerificationEmail(EmailService.java:62) ~[classes/:na]
	... 11 common frames omitted
Caused by: org.springframework.mail.MailAuthenticationException: Authentication failed
	at org.springframework.mail.javamail.JavaMailSenderImpl.doSend(JavaMailSenderImpl.java:402) ~[spring-context-support-6.1.3.jar:6.1.3]
	at org.springframework.mail.javamail.JavaMailSenderImpl.send(JavaMailSenderImpl.java:350) ~[spring-context-support-6.1.3.jar:6.1.3]
	at org.springframework.mail.javamail.JavaMailSender.send(JavaMailSender.java:101) ~[spring-context-support-6.1.3.jar:6.1.3]
	at com.landgo.userservice.service.EmailService.sendViaJavaMail(EmailService.java:131) ~[classes/:na]
	at com.landgo.userservice.service.EmailService.sendHtmlEmail(EmailService.java:115) ~[classes/:na]
	... 12 common frames omitted
Caused by: jakarta.mail.AuthenticationFailedException: failed to connect, no password specified?
	at jakarta.mail.Service.connect(Service.java:379) ~[jakarta.mail-2.0.2.jar:na]
	at org.springframework.mail.javamail.JavaMailSenderImpl.connectTransport(JavaMailSenderImpl.java:480) ~[spring-context-support-6.1.3.jar:6.1.3]
	at org.springframework.mail.javamail.JavaMailSenderImpl.doSend(JavaMailSenderImpl.java:399) ~[spring-context-support-6.1.3.jar:6.1.3]
	... 16 common frames omitted

[2m2026-05-09T00:24:29.825+05:30[0;39m [32m INFO[0;39m [35m79182[0;39m [2m---[0;39m [2m[user-service] [nio-8081-exec-8][0;39m [2m[0;39m[36mc.l.userservice.service.AuthService     [0;39m [2m:[0;39m Attempting login for email: vendor.test.1778266469@landgo.com
[2m2026-05-09T00:24:29.977+05:30[0;39m [32m INFO[0;39m [35m79182[0;39m [2m---[0;39m [2m[user-service] [nio-8081-exec-8][0;39m [2m[0;39m[36mc.l.userservice.service.AuthService     [0;39m [2m:[0;39m User login attempt: vendor.test.1778266469@landgo.com
[2m2026-05-09T00:24:30.068+05:30[0;39m [33m WARN[0;39m [35m79182[0;39m [2m---[0;39m [2m[user-service] [nio-8081-exec-9][0;39m [2m[0;39m[36mc.l.u.exception.GlobalExceptionHandler  [0;39m [2m:[0;39m API Exception: VendorProfile not found with userId : '05d18f80-46ce-4cc8-8018-711e4442db63' - Code: NOT_FOUND
[2m2026-05-09T00:24:30.117+05:30[0;39m [33m WARN[0;39m [35m79182[0;39m [2m---[0;39m [2m[user-service] [io-8081-exec-10][0;39m [2m[0;39m[36mc.l.u.exception.GlobalExceptionHandler  [0;39m [2m:[0;39m API Exception: VendorProfile not found with userId : '05d18f80-46ce-4cc8-8018-711e4442db63' - Code: NOT_FOUND
[2m2026-05-09T00:24:30.152+05:30[0;39m [32m INFO[0;39m [35m79182[0;39m [2m---[0;39m [2m[user-service] [nio-8081-exec-1][0;39m [2m[0;39m[36mc.l.userservice.service.VendorService   [0;39m [2m:[0;39m Vendor profile created for user: 05d18f80-46ce-4cc8-8018-711e4442db63
